# JRE version: OpenJDK Runtime Environment (8.0_212-b04) (build 1.8.0_212-release-1586-b04)
# Java VM: OpenJDK 64-Bit Server VM (25.212-b04 mixed mode windows-amd64 compressed oops)
Heap:
 PSYoungGen      total 406016K, used 32245K [0x00000000e0000000, 0x0000000100000000, 0x0000000100000000)
  eden space 373760K, 0% used [0x00000000e0000000,0x00000000e0000000,0x00000000f6d00000)
  from space 32256K, 99% used [0x00000000fe080000,0x00000000ffffd580,0x0000000100000000)
  to   space 75264K, 0% used [0x00000000f6d00000,0x00000000f6d00000,0x00000000fb680000)
 ParOldGen       total 297472K, used 271034K [0x00000000a0000000, 0x00000000b2280000, 0x00000000e0000000)
  object space 297472K, 91% used [0x00000000a0000000,0x00000000b08aeaf0,0x00000000b2280000)
 Metaspace       used 153223K, capacity 163820K, committed 163968K, reserved 1191936K
  class space    used 18810K, capacity 20789K, committed 20864K, reserved 1048576K
GC Heap History (10 events):
Event: 19158.810 GC heap after
Heap after GC invocations=133 (full 7):
 PSYoungGen      total 486912K, used 14497K [0x00000000e0000000, 0x00000000ffb80000, 0x0000000100000000)
  eden space 455168K, 0% used [0x00000000e0000000,0x00000000e0000000,0x00000000fbc80000)
  from space 31744K, 45% used [0x00000000fdc80000,0x00000000feaa8758,0x00000000ffb80000)
  to   space 32256K, 0% used [0x00000000fbc80000,0x00000000fbc80000,0x00000000fdc00000)
 ParOldGen       total 297472K, used 168475K [0x00000000a0000000, 0x00000000b2280000, 0x00000000e0000000)
  object space 297472K, 56% used [0x00000000a0000000,0x00000000aa486d40,0x00000000b2280000)
 Metaspace       used 133276K, capacity 142930K, committed 143104K, reserved 1173504K
  class space    used 16323K, capacity 18059K, committed 18176K, reserved 1048576K
}
Event: 19266.240 GC heap before
{Heap before GC invocations=134 (full 7):
 PSYoungGen      total 486912K, used 469665K [0x00000000e0000000, 0x00000000ffb80000, 0x0000000100000000)
  eden space 455168K, 100% used [0x00000000e0000000,0x00000000fbc80000,0x00000000fbc80000)
  from space 31744K, 45% used [0x00000000fdc80000,0x00000000feaa8758,0x00000000ffb80000)
  to   space 32256K, 0% used [0x00000000fbc80000,0x00000000fbc80000,0x00000000fdc00000)
 ParOldGen       total 297472K, used 168475K [0x00000000a0000000, 0x00000000b2280000, 0x00000000e0000000)
  object space 297472K, 56% used [0x00000000a0000000,0x00000000aa486d40,0x00000000b2280000)
 Metaspace       used 133352K, capacity 143012K, committed 143360K, reserved 1175552K
  class space    used 16331K, capacity 18062K, committed 18176K, reserved 1048576K
Event: 19266.251 GC heap after
Heap after GC invocations=134 (full 7):
 PSYoungGen      total 487424K, used 10079K [0x00000000e0000000, 0x00000000fff80000, 0x0000000100000000)
  eden space 455168K, 0% used [0x00000000e0000000,0x00000000e0000000,0x00000000fbc80000)
  from space 32256K, 31% used [0x00000000fbc80000,0x00000000fc657c90,0x00000000fdc00000)
  to   space 31744K, 0% used [0x00000000fe080000,0x00000000fe080000,0x00000000fff80000)
 ParOldGen       total 297472K, used 168475K [0x00000000a0000000, 0x00000000b2280000, 0x00000000e0000000)
  object space 297472K, 56% used [0x00000000a0000000,0x00000000aa486d40,0x00000000b2280000)
 Metaspace       used 133352K, capacity 143012K, committed 143360K, reserved 1175552K
  class space    used 16331K, capacity 18062K, committed 18176K, reserved 1048576K
}
Event: 19324.820 GC heap before
{Heap before GC invocations=135 (full 7):
 PSYoungGen      total 487424K, used 465247K [0x00000000e0000000, 0x00000000fff80000, 0x0000000100000000)
  eden space 455168K, 100% used [0x00000000e0000000,0x00000000fbc80000,0x00000000fbc80000)
  from space 32256K, 31% used [0x00000000fbc80000,0x00000000fc657c90,0x00000000fdc00000)
  to   space 31744K, 0% used [0x00000000fe080000,0x00000000fe080000,0x00000000fff80000)
 ParOldGen       total 297472K, used 168475K [0x00000000a0000000, 0x00000000b2280000, 0x00000000e0000000)
  object space 297472K, 56% used [0x00000000a0000000,0x00000000aa486d40,0x00000000b2280000)
 Metaspace       used 140410K, capacity 150594K, committed 150656K, reserved 1181696K
  class space    used 17229K, capacity 19070K, committed 19072K, reserved 1048576K
Event: 19324.834 GC heap after
Heap after GC invocations=135 (full 7):
 PSYoungGen      total 492032K, used 19573K [0x00000000e0000000, 0x00000000fff80000, 0x0000000100000000)
  eden space 460288K, 0% used [0x00000000e0000000,0x00000000e0000000,0x00000000fc180000)
  from space 31744K, 61% used [0x00000000fe080000,0x00000000ff39d598,0x00000000fff80000)
  to   space 31744K, 0% used [0x00000000fc180000,0x00000000fc180000,0x00000000fe080000)
 ParOldGen       total 297472K, used 168483K [0x00000000a0000000, 0x00000000b2280000, 0x00000000e0000000)
  object space 297472K, 56% used [0x00000000a0000000,0x00000000aa488d40,0x00000000b2280000)
 Metaspace       used 140410K, capacity 150594K, committed 150656K, reserved 1181696K
  class space    used 17229K, capacity 19070K, committed 19072K, reserved 1048576K
}
Event: 19389.103 GC heap before
{Heap before GC invocations=136 (full 7):
 PSYoungGen      total 492032K, used 479861K [0x00000000e0000000, 0x00000000fff80000, 0x0000000100000000)
  eden space 460288K, 100% used [0x00000000e0000000,0x00000000fc180000,0x00000000fc180000)
  from space 31744K, 61% used [0x00000000fe080000,0x00000000ff39d598,0x00000000fff80000)
  to   space 31744K, 0% used [0x00000000fc180000,0x00000000fc180000,0x00000000fe080000)
 ParOldGen       total 297472K, used 168483K [0x00000000a0000000, 0x00000000b2280000, 0x00000000e0000000)
  object space 297472K, 56% used [0x00000000a0000000,0x00000000aa488d40,0x00000000b2280000)
 Metaspace       used 141697K, capacity 152078K, committed 152192K, reserved 1181696K
  class space    used 17404K, capacity 19294K, committed 19328K, reserved 1048576K
Event: 19389.236 GC heap after
Heap after GC invocations=136 (full 7):
 PSYoungGen      total 492032K, used 31729K [0x00000000e0000000, 0x0000000100000000, 0x0000000100000000)
  eden space 460288K, 0% used [0x00000000e0000000,0x00000000e0000000,0x00000000fc180000)
  from space 31744K, 99% used [0x00000000fc180000,0x00000000fe07c458,0x00000000fe080000)
  to   space 32256K, 0% used [0x00000000fe080000,0x00000000fe080000,0x0000000100000000)
 ParOldGen       total 297472K, used 208322K [0x00000000a0000000, 0x00000000b2280000, 0x00000000e0000000)
  object space 297472K, 70% used [0x00000000a0000000,0x00000000acb70ab0,0x00000000b2280000)
 Metaspace       used 141697K, capacity 152078K, committed 152192K, reserved 1181696K
  class space    used 17404K, capacity 19294K, committed 19328K, reserved 1048576K
}
Event: 19392.778 GC heap before
{Heap before GC invocations=137 (full 7):
 PSYoungGen      total 492032K, used 492017K [0x00000000e0000000, 0x0000000100000000, 0x0000000100000000)
  eden space 460288K, 100% used [0x00000000e0000000,0x00000000fc180000,0x00000000fc180000)
  from space 31744K, 99% used [0x00000000fc180000,0x00000000fe07c458,0x00000000fe080000)
  to   space 32256K, 0% used [0x00000000fe080000,0x00000000fe080000,0x0000000100000000)
 ParOldGen       total 297472K, used 208322K [0x00000000a0000000, 0x00000000b2280000, 0x00000000e0000000)
  object space 297472K, 70% used [0x00000000a0000000,0x00000000acb70ab0,0x00000000b2280000)
 Metaspace       used 153223K, capacity 163820K, committed 163968K, reserved 1191936K
  class space    used 18810K, capacity 20789K, committed 20864K, reserved 1048576K
Event: 19392.987 GC heap after
Heap after GC invocations=137 (full 7):
 PSYoungGen      total 406016K, used 32245K [0x00000000e0000000, 0x0000000100000000, 0x0000000100000000)
  eden space 373760K, 0% used [0x00000000e0000000,0x00000000e0000000,0x00000000f6d00000)
  from space 32256K, 99% used [0x00000000fe080000,0x00000000ffffd580,0x0000000100000000)
  to   space 75264K, 0% used [0x00000000f6d00000,0x00000000f6d00000,0x00000000fb680000)
 ParOldGen       total 297472K, used 271034K [0x00000000a0000000, 0x00000000b2280000, 0x00000000e0000000)
  object space 297472K, 91% used [0x00000000a0000000,0x00000000b08aeaf0,0x00000000b2280000)
 Metaspace       used 153223K, capacity 163820K, committed 163968K, reserved 1191936K
  class space    used 18810K, capacity 20789K, committed 20864K, reserved 1048576K
}
Event: 19392.987 GC heap before
{Heap before GC invocations=138 (full 8):
 PSYoungGen      total 406016K, used 32245K [0x00000000e0000000, 0x0000000100000000, 0x0000000100000000)
  eden space 373760K, 0% used [0x00000000e0000000,0x00000000e0000000,0x00000000f6d00000)
  from space 32256K, 99% used [0x00000000fe080000,0x00000000ffffd580,0x0000000100000000)
  to   space 75264K, 0% used [0x00000000f6d00000,0x00000000f6d00000,0x00000000fb680000)
 ParOldGen       total 297472K, used 271034K [0x00000000a0000000, 0x00000000b2280000, 0x00000000e0000000)
  object space 297472K, 91% used [0x00000000a0000000,0x00000000b08aeaf0,0x00000000b2280000)
 Metaspace       used 153223K, capacity 163820K, committed 163968K, reserved 1191936K
  class space    used 18810K, capacity 20789K, committed 20864K, reserved 1048576K

